Arguments: 
  D:\Analytics React Application\node-v8.11.3-win-x64\node.exe D:\Analytics React Application\node-v8.11.3-win-x64\node_modules\yarn\bin\yarn.js install --ignore-engines

PATH: 
  C:\Program Files (x86)\Common Files\Oracle\Java\javapath;C:\ProgramData\DockerDesktop\version-bin;C:\Program Files\Docker\Docker\Resources\bin;C:\Program Files (x86)\Intel\Intel(R) Management Engine Components\iCLS\;C:\Program Files\Intel\Intel(R) Management Engine Components\iCLS\;C:\WINDOWS\system32;C:\WINDOWS;C:\WINDOWS\System32\Wbem;C:\WINDOWS\System32\WindowsPowerShell\v1.0\;C:\WINDOWS\System32\OpenSSH\;C:\Program Files (x86)\MySQL\MySQL Fabric 1.5.4 & MySQL Utilities 1.5.4 1.5\;C:\Program Files (x86)\MySQL\MySQL Fabric 1.5.4 & MySQL Utilities 1.5.4 1.5\Doctrine extensions for PHP\;C:\Program Files (x86)\Lenovo\Access Connections\;C:\Program Files (x86)\Intel\Intel(R) Management Engine Components\DAL;C:\Program Files\Intel\Intel(R) Management Engine Components\DAL;D:\AWSCLI\bin\;C:\Program Files\PuTTY\;C:\Users\harshavardhan.p\AppData\Local\Microsoft\WindowsApps;C:\Program Files\Git\cmd;D:\Analytics React Application\node-v8.11.3-win-x64;D:\AndroidSDK\platform-tools;C:\Users\harshavardhan.p\AppData\Local\Programs\Microsoft VS Code\bin;C:\Program Files\apache-maven-3.5.4\bin;C:\Program Files\Java\jdk1.8.0_172;

Yarn version: 
  1.12.3

Node version: 
  8.11.3

Platform: 
  win32 x64

Trace: 
  Error: EPERM: operation not permitted, scandir 'D:\Analytics React Application\social-network\node_modules\@types'

npm manifest: 
  {
    "name": "test",
    "version": "0.1.0",
    "private": true,
    "dependencies": {
      "@testing-library/jest-dom": "^4.2.4",
      "@testing-library/react": "^9.3.2",
      "@testing-library/user-event": "^7.1.2",
      "react": "^16.12.0",
      "react-art": "^16.12.0",
      "react-dom": "^16.12.0",
      "react-native-paper": "^3.4.0",
      "react-native-vector-icons": "^6.6.0",
      "react-native-web": "^0.12.0-rc.1",
      "react-scripts": "3.3.0"
    },
    "scripts": {
      "start": "react-app-rewired start",
      "build": "react-app-rewired build",
      "test": "react-app-rewired test --env=jsdom",
      "eject": "react-scripts eject",
      "web": "webpack-dev-server --open"
    },
    "eslintConfig": {
      "extends": "react-app"
    },
    "browserslist": {
      "production": [
        ">0.2%",
        "not dead",
        "not op_mini all"
      ],
      "development": [
        "last 1 chrome version",
        "last 1 firefox version",
        "last 1 safari version"
      ]
    },
    "devDependencies": {
      "@babel/plugin-proposal-class-properties": "^7.7.4",
      "@babel/plugin-proposal-object-rest-spread": "^7.7.7",
      "@babel/preset-env": "^7.7.7",
      "@babel/preset-flow": "^7.7.4",
      "@babel/preset-react": "^7.7.4",
      "babel-loader": "^8.0.6",
      "babel-preset-es2015": "^6.24.1",
      "file-loader": "^5.0.2",
      "react-app-rewired": "^2.1.5",
      "webpack": "^4.41.5",
      "webpack-cli": "^3.3.10",
      "webpack-dev-server": "^3.10.1"
    }
  }

yarn manifest: 
  No manifest

Lockfile: 
  No lockfile
